<?xml version="1.0" encoding="UTF-8"?>
<!-- Generated by org.testng.reporters.JUnitReportReporter -->
<testsuite skipped="0" hostname="DESKTOP-BGBCGL6" name="Adminlog_invaliddata" tests="1" failures="0" timestamp="08 May 2022 14:58:23 GMT" time="4.764" errors="0">
  <testcase name="checkadminlogin" time="4.764" classname="Adminlog_invaliddata"/>
</testsuite> <!-- Adminlog_invaliddata -->
