<?xml version="1.0" encoding="UTF-8"?>
<!-- Generated by org.testng.reporters.JUnitReportReporter -->
<testsuite skipped="0" hostname="DESKTOP-BGBCGL6" name="OrangehrmTestcase" tests="1" failures="0" timestamp="08 May 2022 10:03:49 GMT" time="9.477" errors="0">
  <testcase name="checklogin" time="9.477" classname="OrangehrmTestcase"/>
</testsuite> <!-- OrangehrmTestcase -->
