<?xml version="1.0" encoding="UTF-8"?>
<!-- Generated by org.testng.reporters.JUnitReportReporter -->
<testsuite skipped="0" hostname="DESKTOP-BGBCGL6" name="Oarangehrm_testcases.Adminlog_invaliddata" tests="1" failures="0" timestamp="13 May 2022 12:56:56 GMT" time="3.700" errors="0">
  <testcase name="checkadminlogin" time="3.700" classname="Oarangehrm_testcases.Adminlog_invaliddata"/>
</testsuite> <!-- Oarangehrm_testcases.Adminlog_invaliddata -->
